Wed Apr 08 15:31:14 PDT 2015 Thread[main,5,main] Cleanup action starting
java.sql.SQLException: Database 'WinchCommonsTest12DataBase' not found.
	at org.apache.derby.impl.jdbc.SQLExceptionFactory40.getSQLException(Unknown Source)
	at org.apache.derby.impl.jdbc.Util.newEmbedSQLException(Unknown Source)
	at org.apache.derby.impl.jdbc.Util.newEmbedSQLException(Unknown Source)
	at org.apache.derby.impl.jdbc.Util.generateCsSQLException(Unknown Source)
	at org.apache.derby.impl.jdbc.EmbedConnection.newSQLException(Unknown Source)
	at org.apache.derby.impl.jdbc.EmbedConnection.handleDBNotFound(Unknown Source)
	at org.apache.derby.impl.jdbc.EmbedConnection.<init>(Unknown Source)
	at org.apache.derby.impl.jdbc.EmbedConnection30.<init>(Unknown Source)
	at org.apache.derby.impl.jdbc.EmbedConnection40.<init>(Unknown Source)
	at org.apache.derby.jdbc.Driver40.getNewEmbedConnection(Unknown Source)
	at org.apache.derby.jdbc.InternalDriver.connect(Unknown Source)
	at org.apache.derby.jdbc.AutoloadedDriver.connect(Unknown Source)
	at java.sql.DriverManager.getConnection(DriverManager.java:664)
	at java.sql.DriverManager.getConnection(DriverManager.java:270)
	at DatabaseUtilities.DatabaseDataObjectUtilities.getPilots(DatabaseDataObjectUtilities.java:356)
	at ParameterSelection.PilotPanel.initPilotList(PilotPanel.java:165)
	at ParameterSelection.PilotPanel.<init>(PilotPanel.java:271)
	at ParameterSelection.ParameterSelectionPanel.initComponents(ParameterSelectionPanel.java:47)
	at ParameterSelection.ParameterSelectionPanel.<init>(ParameterSelectionPanel.java:36)
	at mainhost.MainWindow.<init>(MainWindow.java:71)
	at mainhost.Main.main(Main.java:31)
Caused by: java.sql.SQLException: Database 'WinchCommonsTest12DataBase' not found.
	at org.apache.derby.impl.jdbc.SQLExceptionFactory.getSQLException(Unknown Source)
	at org.apache.derby.impl.jdbc.SQLExceptionFactory40.wrapArgsForTransportAcrossDRDA(Unknown Source)
	... 21 more
============= begin nested exception, level (1) ===========
java.sql.SQLException: Database 'WinchCommonsTest12DataBase' not found.
	at org.apache.derby.impl.jdbc.SQLExceptionFactory.getSQLException(Unknown Source)
	at org.apache.derby.impl.jdbc.SQLExceptionFactory40.wrapArgsForTransportAcrossDRDA(Unknown Source)
	at org.apache.derby.impl.jdbc.SQLExceptionFactory40.getSQLException(Unknown Source)
	at org.apache.derby.impl.jdbc.Util.newEmbedSQLException(Unknown Source)
	at org.apache.derby.impl.jdbc.Util.newEmbedSQLException(Unknown Source)
	at org.apache.derby.impl.jdbc.Util.generateCsSQLException(Unknown Source)
	at org.apache.derby.impl.jdbc.EmbedConnection.newSQLException(Unknown Source)
	at org.apache.derby.impl.jdbc.EmbedConnection.handleDBNotFound(Unknown Source)
	at org.apache.derby.impl.jdbc.EmbedConnection.<init>(Unknown Source)
	at org.apache.derby.impl.jdbc.EmbedConnection30.<init>(Unknown Source)
	at org.apache.derby.impl.jdbc.EmbedConnection40.<init>(Unknown Source)
	at org.apache.derby.jdbc.Driver40.getNewEmbedConnection(Unknown Source)
	at org.apache.derby.jdbc.InternalDriver.connect(Unknown Source)
	at org.apache.derby.jdbc.AutoloadedDriver.connect(Unknown Source)
	at java.sql.DriverManager.getConnection(DriverManager.java:664)
	at java.sql.DriverManager.getConnection(DriverManager.java:270)
	at DatabaseUtilities.DatabaseDataObjectUtilities.getPilots(DatabaseDataObjectUtilities.java:356)
	at ParameterSelection.PilotPanel.initPilotList(PilotPanel.java:165)
	at ParameterSelection.PilotPanel.<init>(PilotPanel.java:271)
	at ParameterSelection.ParameterSelectionPanel.initComponents(ParameterSelectionPanel.java:47)
	at ParameterSelection.ParameterSelectionPanel.<init>(ParameterSelectionPanel.java:36)
	at mainhost.MainWindow.<init>(MainWindow.java:71)
	at mainhost.Main.main(Main.java:31)
============= end nested exception, level (1) ===========
Cleanup action completed
Wed Apr 08 15:31:14 PDT 2015 Thread[main,5,main] Cleanup action starting
java.sql.SQLException: Database 'WinchCommonsTest12DataBase' not found.
	at org.apache.derby.impl.jdbc.SQLExceptionFactory40.getSQLException(Unknown Source)
	at org.apache.derby.impl.jdbc.Util.newEmbedSQLException(Unknown Source)
	at org.apache.derby.impl.jdbc.Util.newEmbedSQLException(Unknown Source)
	at org.apache.derby.impl.jdbc.Util.generateCsSQLException(Unknown Source)
	at org.apache.derby.impl.jdbc.EmbedConnection.newSQLException(Unknown Source)
	at org.apache.derby.impl.jdbc.EmbedConnection.handleDBNotFound(Unknown Source)
	at org.apache.derby.impl.jdbc.EmbedConnection.<init>(Unknown Source)
	at org.apache.derby.impl.jdbc.EmbedConnection30.<init>(Unknown Source)
	at org.apache.derby.impl.jdbc.EmbedConnection40.<init>(Unknown Source)
	at org.apache.derby.jdbc.Driver40.getNewEmbedConnection(Unknown Source)
	at org.apache.derby.jdbc.InternalDriver.connect(Unknown Source)
	at org.apache.derby.jdbc.AutoloadedDriver.connect(Unknown Source)
	at java.sql.DriverManager.getConnection(DriverManager.java:664)
	at java.sql.DriverManager.getConnection(DriverManager.java:270)
	at DatabaseUtilities.DatabaseDataObjectUtilities.getSailplanes(DatabaseDataObjectUtilities.java:410)
	at ParameterSelection.SailplanePanel.initSailPlaneList(SailplanePanel.java:253)
	at ParameterSelection.SailplanePanel.<init>(SailplanePanel.java:266)
	at ParameterSelection.ParameterSelectionPanel.initComponents(ParameterSelectionPanel.java:48)
	at ParameterSelection.ParameterSelectionPanel.<init>(ParameterSelectionPanel.java:36)
	at mainhost.MainWindow.<init>(MainWindow.java:71)
	at mainhost.Main.main(Main.java:31)
Caused by: java.sql.SQLException: Database 'WinchCommonsTest12DataBase' not found.
	at org.apache.derby.impl.jdbc.SQLExceptionFactory.getSQLException(Unknown Source)
	at org.apache.derby.impl.jdbc.SQLExceptionFactory40.wrapArgsForTransportAcrossDRDA(Unknown Source)
	... 21 more
============= begin nested exception, level (1) ===========
java.sql.SQLException: Database 'WinchCommonsTest12DataBase' not found.
	at org.apache.derby.impl.jdbc.SQLExceptionFactory.getSQLException(Unknown Source)
	at org.apache.derby.impl.jdbc.SQLExceptionFactory40.wrapArgsForTransportAcrossDRDA(Unknown Source)
	at org.apache.derby.impl.jdbc.SQLExceptionFactory40.getSQLException(Unknown Source)
	at org.apache.derby.impl.jdbc.Util.newEmbedSQLException(Unknown Source)
	at org.apache.derby.impl.jdbc.Util.newEmbedSQLException(Unknown Source)
	at org.apache.derby.impl.jdbc.Util.generateCsSQLException(Unknown Source)
	at org.apache.derby.impl.jdbc.EmbedConnection.newSQLException(Unknown Source)
	at org.apache.derby.impl.jdbc.EmbedConnection.handleDBNotFound(Unknown Source)
	at org.apache.derby.impl.jdbc.EmbedConnection.<init>(Unknown Source)
	at org.apache.derby.impl.jdbc.EmbedConnection30.<init>(Unknown Source)
	at org.apache.derby.impl.jdbc.EmbedConnection40.<init>(Unknown Source)
	at org.apache.derby.jdbc.Driver40.getNewEmbedConnection(Unknown Source)
	at org.apache.derby.jdbc.InternalDriver.connect(Unknown Source)
	at org.apache.derby.jdbc.AutoloadedDriver.connect(Unknown Source)
	at java.sql.DriverManager.getConnection(DriverManager.java:664)
	at java.sql.DriverManager.getConnection(DriverManager.java:270)
	at DatabaseUtilities.DatabaseDataObjectUtilities.getSailplanes(DatabaseDataObjectUtilities.java:410)
	at ParameterSelection.SailplanePanel.initSailPlaneList(SailplanePanel.java:253)
	at ParameterSelection.SailplanePanel.<init>(SailplanePanel.java:266)
	at ParameterSelection.ParameterSelectionPanel.initComponents(ParameterSelectionPanel.java:48)
	at ParameterSelection.ParameterSelectionPanel.<init>(ParameterSelectionPanel.java:36)
	at mainhost.MainWindow.<init>(MainWindow.java:71)
	at mainhost.Main.main(Main.java:31)
============= end nested exception, level (1) ===========
Cleanup action completed
Wed Apr 08 15:31:14 PDT 2015 Thread[main,5,main] Cleanup action starting
java.sql.SQLException: Database 'WinchCommonsTest12DataBase' not found.
	at org.apache.derby.impl.jdbc.SQLExceptionFactory40.getSQLException(Unknown Source)
	at org.apache.derby.impl.jdbc.Util.newEmbedSQLException(Unknown Source)
	at org.apache.derby.impl.jdbc.Util.newEmbedSQLException(Unknown Source)
	at org.apache.derby.impl.jdbc.Util.generateCsSQLException(Unknown Source)
	at org.apache.derby.impl.jdbc.EmbedConnection.newSQLException(Unknown Source)
	at org.apache.derby.impl.jdbc.EmbedConnection.handleDBNotFound(Unknown Source)
	at org.apache.derby.impl.jdbc.EmbedConnection.<init>(Unknown Source)
	at org.apache.derby.impl.jdbc.EmbedConnection30.<init>(Unknown Source)
	at org.apache.derby.impl.jdbc.EmbedConnection40.<init>(Unknown Source)
	at org.apache.derby.jdbc.Driver40.getNewEmbedConnection(Unknown Source)
	at org.apache.derby.jdbc.InternalDriver.connect(Unknown Source)
	at org.apache.derby.jdbc.AutoloadedDriver.connect(Unknown Source)
	at java.sql.DriverManager.getConnection(DriverManager.java:664)
	at java.sql.DriverManager.getConnection(DriverManager.java:270)
	at DatabaseUtilities.DatabaseDataObjectUtilities.getAirfields(DatabaseDataObjectUtilities.java:484)
	at ParameterSelection.AirfieldPanel.initAirfieldList(AirfieldPanel.java:225)
	at ParameterSelection.AirfieldPanel.<init>(AirfieldPanel.java:476)
	at ParameterSelection.ParameterSelectionPanel.initComponents(ParameterSelectionPanel.java:49)
	at ParameterSelection.ParameterSelectionPanel.<init>(ParameterSelectionPanel.java:36)
	at mainhost.MainWindow.<init>(MainWindow.java:71)
	at mainhost.Main.main(Main.java:31)
Caused by: java.sql.SQLException: Database 'WinchCommonsTest12DataBase' not found.
	at org.apache.derby.impl.jdbc.SQLExceptionFactory.getSQLException(Unknown Source)
	at org.apache.derby.impl.jdbc.SQLExceptionFactory40.wrapArgsForTransportAcrossDRDA(Unknown Source)
	... 21 more
============= begin nested exception, level (1) ===========
java.sql.SQLException: Database 'WinchCommonsTest12DataBase' not found.
	at org.apache.derby.impl.jdbc.SQLExceptionFactory.getSQLException(Unknown Source)
	at org.apache.derby.impl.jdbc.SQLExceptionFactory40.wrapArgsForTransportAcrossDRDA(Unknown Source)
	at org.apache.derby.impl.jdbc.SQLExceptionFactory40.getSQLException(Unknown Source)
	at org.apache.derby.impl.jdbc.Util.newEmbedSQLException(Unknown Source)
	at org.apache.derby.impl.jdbc.Util.newEmbedSQLException(Unknown Source)
	at org.apache.derby.impl.jdbc.Util.generateCsSQLException(Unknown Source)
	at org.apache.derby.impl.jdbc.EmbedConnection.newSQLException(Unknown Source)
	at org.apache.derby.impl.jdbc.EmbedConnection.handleDBNotFound(Unknown Source)
	at org.apache.derby.impl.jdbc.EmbedConnection.<init>(Unknown Source)
	at org.apache.derby.impl.jdbc.EmbedConnection30.<init>(Unknown Source)
	at org.apache.derby.impl.jdbc.EmbedConnection40.<init>(Unknown Source)
	at org.apache.derby.jdbc.Driver40.getNewEmbedConnection(Unknown Source)
	at org.apache.derby.jdbc.InternalDriver.connect(Unknown Source)
	at org.apache.derby.jdbc.AutoloadedDriver.connect(Unknown Source)
	at java.sql.DriverManager.getConnection(DriverManager.java:664)
	at java.sql.DriverManager.getConnection(DriverManager.java:270)
	at DatabaseUtilities.DatabaseDataObjectUtilities.getAirfields(DatabaseDataObjectUtilities.java:484)
	at ParameterSelection.AirfieldPanel.initAirfieldList(AirfieldPanel.java:225)
	at ParameterSelection.AirfieldPanel.<init>(AirfieldPanel.java:476)
	at ParameterSelection.ParameterSelectionPanel.initComponents(ParameterSelectionPanel.java:49)
	at ParameterSelection.ParameterSelectionPanel.<init>(ParameterSelectionPanel.java:36)
	at mainhost.MainWindow.<init>(MainWindow.java:71)
	at mainhost.Main.main(Main.java:31)
============= end nested exception, level (1) ===========
Cleanup action completed
Wed Apr 08 15:31:14 PDT 2015 Thread[main,5,main] Cleanup action starting
java.sql.SQLException: Database 'WinchCommonsTest12DataBase' not found.
	at org.apache.derby.impl.jdbc.SQLExceptionFactory40.getSQLException(Unknown Source)
	at org.apache.derby.impl.jdbc.Util.newEmbedSQLException(Unknown Source)
	at org.apache.derby.impl.jdbc.Util.newEmbedSQLException(Unknown Source)
	at org.apache.derby.impl.jdbc.Util.generateCsSQLException(Unknown Source)
	at org.apache.derby.impl.jdbc.EmbedConnection.newSQLException(Unknown Source)
	at org.apache.derby.impl.jdbc.EmbedConnection.handleDBNotFound(Unknown Source)
	at org.apache.derby.impl.jdbc.EmbedConnection.<init>(Unknown Source)
	at org.apache.derby.impl.jdbc.EmbedConnection30.<init>(Unknown Source)
	at org.apache.derby.impl.jdbc.EmbedConnection40.<init>(Unknown Source)
	at org.apache.derby.jdbc.Driver40.getNewEmbedConnection(Unknown Source)
	at org.apache.derby.jdbc.InternalDriver.connect(Unknown Source)
	at org.apache.derby.jdbc.AutoloadedDriver.connect(Unknown Source)
	at java.sql.DriverManager.getConnection(DriverManager.java:664)
	at java.sql.DriverManager.getConnection(DriverManager.java:270)
	at DatabaseUtilities.DatabaseDataObjectUtilities.getWinchPositions(DatabaseDataObjectUtilities.java:652)
	at ParameterSelection.AirfieldPanel.initWinchPositionsList(AirfieldPanel.java:243)
	at ParameterSelection.AirfieldPanel.<init>(AirfieldPanel.java:477)
	at ParameterSelection.ParameterSelectionPanel.initComponents(ParameterSelectionPanel.java:49)
	at ParameterSelection.ParameterSelectionPanel.<init>(ParameterSelectionPanel.java:36)
	at mainhost.MainWindow.<init>(MainWindow.java:71)
	at mainhost.Main.main(Main.java:31)
Caused by: java.sql.SQLException: Database 'WinchCommonsTest12DataBase' not found.
	at org.apache.derby.impl.jdbc.SQLExceptionFactory.getSQLException(Unknown Source)
	at org.apache.derby.impl.jdbc.SQLExceptionFactory40.wrapArgsForTransportAcrossDRDA(Unknown Source)
	... 21 more
============= begin nested exception, level (1) ===========
java.sql.SQLException: Database 'WinchCommonsTest12DataBase' not found.
	at org.apache.derby.impl.jdbc.SQLExceptionFactory.getSQLException(Unknown Source)
	at org.apache.derby.impl.jdbc.SQLExceptionFactory40.wrapArgsForTransportAcrossDRDA(Unknown Source)
	at org.apache.derby.impl.jdbc.SQLExceptionFactory40.getSQLException(Unknown Source)
	at org.apache.derby.impl.jdbc.Util.newEmbedSQLException(Unknown Source)
	at org.apache.derby.impl.jdbc.Util.newEmbedSQLException(Unknown Source)
	at org.apache.derby.impl.jdbc.Util.generateCsSQLException(Unknown Source)
	at org.apache.derby.impl.jdbc.EmbedConnection.newSQLException(Unknown Source)
	at org.apache.derby.impl.jdbc.EmbedConnection.handleDBNotFound(Unknown Source)
	at org.apache.derby.impl.jdbc.EmbedConnection.<init>(Unknown Source)
	at org.apache.derby.impl.jdbc.EmbedConnection30.<init>(Unknown Source)
	at org.apache.derby.impl.jdbc.EmbedConnection40.<init>(Unknown Source)
	at org.apache.derby.jdbc.Driver40.getNewEmbedConnection(Unknown Source)
	at org.apache.derby.jdbc.InternalDriver.connect(Unknown Source)
	at org.apache.derby.jdbc.AutoloadedDriver.connect(Unknown Source)
	at java.sql.DriverManager.getConnection(DriverManager.java:664)
	at java.sql.DriverManager.getConnection(DriverManager.java:270)
	at DatabaseUtilities.DatabaseDataObjectUtilities.getWinchPositions(DatabaseDataObjectUtilities.java:652)
	at ParameterSelection.AirfieldPanel.initWinchPositionsList(AirfieldPanel.java:243)
	at ParameterSelection.AirfieldPanel.<init>(AirfieldPanel.java:477)
	at ParameterSelection.ParameterSelectionPanel.initComponents(ParameterSelectionPanel.java:49)
	at ParameterSelection.ParameterSelectionPanel.<init>(ParameterSelectionPanel.java:36)
	at mainhost.MainWindow.<init>(MainWindow.java:71)
	at mainhost.Main.main(Main.java:31)
============= end nested exception, level (1) ===========
Cleanup action completed
Wed Apr 08 15:31:14 PDT 2015 Thread[main,5,main] Cleanup action starting
java.sql.SQLException: Database 'WinchCommonsTest12DataBase' not found.
	at org.apache.derby.impl.jdbc.SQLExceptionFactory40.getSQLException(Unknown Source)
	at org.apache.derby.impl.jdbc.Util.newEmbedSQLException(Unknown Source)
	at org.apache.derby.impl.jdbc.Util.newEmbedSQLException(Unknown Source)
	at org.apache.derby.impl.jdbc.Util.generateCsSQLException(Unknown Source)
	at org.apache.derby.impl.jdbc.EmbedConnection.newSQLException(Unknown Source)
	at org.apache.derby.impl.jdbc.EmbedConnection.handleDBNotFound(Unknown Source)
	at org.apache.derby.impl.jdbc.EmbedConnection.<init>(Unknown Source)
	at org.apache.derby.impl.jdbc.EmbedConnection30.<init>(Unknown Source)
	at org.apache.derby.impl.jdbc.EmbedConnection40.<init>(Unknown Source)
	at org.apache.derby.jdbc.Driver40.getNewEmbedConnection(Unknown Source)
	at org.apache.derby.jdbc.InternalDriver.connect(Unknown Source)
	at org.apache.derby.jdbc.AutoloadedDriver.connect(Unknown Source)
	at java.sql.DriverManager.getConnection(DriverManager.java:664)
	at java.sql.DriverManager.getConnection(DriverManager.java:270)
	at DatabaseUtilities.DatabaseDataObjectUtilities.getGliderPositions(DatabaseDataObjectUtilities.java:595)
	at ParameterSelection.AirfieldPanel.initGliderPositionsList(AirfieldPanel.java:234)
	at ParameterSelection.AirfieldPanel.<init>(AirfieldPanel.java:478)
	at ParameterSelection.ParameterSelectionPanel.initComponents(ParameterSelectionPanel.java:49)
	at ParameterSelection.ParameterSelectionPanel.<init>(ParameterSelectionPanel.java:36)
	at mainhost.MainWindow.<init>(MainWindow.java:71)
	at mainhost.Main.main(Main.java:31)
Caused by: java.sql.SQLException: Database 'WinchCommonsTest12DataBase' not found.
	at org.apache.derby.impl.jdbc.SQLExceptionFactory.getSQLException(Unknown Source)
	at org.apache.derby.impl.jdbc.SQLExceptionFactory40.wrapArgsForTransportAcrossDRDA(Unknown Source)
	... 21 more
============= begin nested exception, level (1) ===========
java.sql.SQLException: Database 'WinchCommonsTest12DataBase' not found.
	at org.apache.derby.impl.jdbc.SQLExceptionFactory.getSQLException(Unknown Source)
	at org.apache.derby.impl.jdbc.SQLExceptionFactory40.wrapArgsForTransportAcrossDRDA(Unknown Source)
	at org.apache.derby.impl.jdbc.SQLExceptionFactory40.getSQLException(Unknown Source)
	at org.apache.derby.impl.jdbc.Util.newEmbedSQLException(Unknown Source)
	at org.apache.derby.impl.jdbc.Util.newEmbedSQLException(Unknown Source)
	at org.apache.derby.impl.jdbc.Util.generateCsSQLException(Unknown Source)
	at org.apache.derby.impl.jdbc.EmbedConnection.newSQLException(Unknown Source)
	at org.apache.derby.impl.jdbc.EmbedConnection.handleDBNotFound(Unknown Source)
	at org.apache.derby.impl.jdbc.EmbedConnection.<init>(Unknown Source)
	at org.apache.derby.impl.jdbc.EmbedConnection30.<init>(Unknown Source)
	at org.apache.derby.impl.jdbc.EmbedConnection40.<init>(Unknown Source)
	at org.apache.derby.jdbc.Driver40.getNewEmbedConnection(Unknown Source)
	at org.apache.derby.jdbc.InternalDriver.connect(Unknown Source)
	at org.apache.derby.jdbc.AutoloadedDriver.connect(Unknown Source)
	at java.sql.DriverManager.getConnection(DriverManager.java:664)
	at java.sql.DriverManager.getConnection(DriverManager.java:270)
	at DatabaseUtilities.DatabaseDataObjectUtilities.getGliderPositions(DatabaseDataObjectUtilities.java:595)
	at ParameterSelection.AirfieldPanel.initGliderPositionsList(AirfieldPanel.java:234)
	at ParameterSelection.AirfieldPanel.<init>(AirfieldPanel.java:478)
	at ParameterSelection.ParameterSelectionPanel.initComponents(ParameterSelectionPanel.java:49)
	at ParameterSelection.ParameterSelectionPanel.<init>(ParameterSelectionPanel.java:36)
	at mainhost.MainWindow.<init>(MainWindow.java:71)
	at mainhost.Main.main(Main.java:31)
============= end nested exception, level (1) ===========
Cleanup action completed
Wed Apr 08 15:31:14 PDT 2015 Thread[main,5,main] Cleanup action starting
java.sql.SQLException: Database 'WinchCommonsTest12DataBase' not found.
	at org.apache.derby.impl.jdbc.SQLExceptionFactory40.getSQLException(Unknown Source)
	at org.apache.derby.impl.jdbc.Util.newEmbedSQLException(Unknown Source)
	at org.apache.derby.impl.jdbc.Util.newEmbedSQLException(Unknown Source)
	at org.apache.derby.impl.jdbc.Util.generateCsSQLException(Unknown Source)
	at org.apache.derby.impl.jdbc.EmbedConnection.newSQLException(Unknown Source)
	at org.apache.derby.impl.jdbc.EmbedConnection.handleDBNotFound(Unknown Source)
	at org.apache.derby.impl.jdbc.EmbedConnection.<init>(Unknown Source)
	at org.apache.derby.impl.jdbc.EmbedConnection30.<init>(Unknown Source)
	at org.apache.derby.impl.jdbc.EmbedConnection40.<init>(Unknown Source)
	at org.apache.derby.jdbc.Driver40.getNewEmbedConnection(Unknown Source)
	at org.apache.derby.jdbc.InternalDriver.connect(Unknown Source)
	at org.apache.derby.jdbc.AutoloadedDriver.connect(Unknown Source)
	at java.sql.DriverManager.getConnection(DriverManager.java:664)
	at java.sql.DriverManager.getConnection(DriverManager.java:270)
	at DatabaseUtilities.DatabaseDataObjectUtilities.getRunways(DatabaseDataObjectUtilities.java:542)
	at ParameterSelection.AirfieldPanel.initRunwaysList(AirfieldPanel.java:252)
	at ParameterSelection.AirfieldPanel.<init>(AirfieldPanel.java:479)
	at ParameterSelection.ParameterSelectionPanel.initComponents(ParameterSelectionPanel.java:49)
	at ParameterSelection.ParameterSelectionPanel.<init>(ParameterSelectionPanel.java:36)
	at mainhost.MainWindow.<init>(MainWindow.java:71)
	at mainhost.Main.main(Main.java:31)
Caused by: java.sql.SQLException: Database 'WinchCommonsTest12DataBase' not found.
	at org.apache.derby.impl.jdbc.SQLExceptionFactory.getSQLException(Unknown Source)
	at org.apache.derby.impl.jdbc.SQLExceptionFactory40.wrapArgsForTransportAcrossDRDA(Unknown Source)
	... 21 more
============= begin nested exception, level (1) ===========
java.sql.SQLException: Database 'WinchCommonsTest12DataBase' not found.
	at org.apache.derby.impl.jdbc.SQLExceptionFactory.getSQLException(Unknown Source)
	at org.apache.derby.impl.jdbc.SQLExceptionFactory40.wrapArgsForTransportAcrossDRDA(Unknown Source)
	at org.apache.derby.impl.jdbc.SQLExceptionFactory40.getSQLException(Unknown Source)
	at org.apache.derby.impl.jdbc.Util.newEmbedSQLException(Unknown Source)
	at org.apache.derby.impl.jdbc.Util.newEmbedSQLException(Unknown Source)
	at org.apache.derby.impl.jdbc.Util.generateCsSQLException(Unknown Source)
	at org.apache.derby.impl.jdbc.EmbedConnection.newSQLException(Unknown Source)
	at org.apache.derby.impl.jdbc.EmbedConnection.handleDBNotFound(Unknown Source)
	at org.apache.derby.impl.jdbc.EmbedConnection.<init>(Unknown Source)
	at org.apache.derby.impl.jdbc.EmbedConnection30.<init>(Unknown Source)
	at org.apache.derby.impl.jdbc.EmbedConnection40.<init>(Unknown Source)
	at org.apache.derby.jdbc.Driver40.getNewEmbedConnection(Unknown Source)
	at org.apache.derby.jdbc.InternalDriver.connect(Unknown Source)
	at org.apache.derby.jdbc.AutoloadedDriver.connect(Unknown Source)
	at java.sql.DriverManager.getConnection(DriverManager.java:664)
	at java.sql.DriverManager.getConnection(DriverManager.java:270)
	at DatabaseUtilities.DatabaseDataObjectUtilities.getRunways(DatabaseDataObjectUtilities.java:542)
	at ParameterSelection.AirfieldPanel.initRunwaysList(AirfieldPanel.java:252)
	at ParameterSelection.AirfieldPanel.<init>(AirfieldPanel.java:479)
	at ParameterSelection.ParameterSelectionPanel.initComponents(ParameterSelectionPanel.java:49)
	at ParameterSelection.ParameterSelectionPanel.<init>(ParameterSelectionPanel.java:36)
	at mainhost.MainWindow.<init>(MainWindow.java:71)
	at mainhost.Main.main(Main.java:31)
============= end nested exception, level (1) ===========
Cleanup action completed
----------------------------------------------------------------
Wed Apr 08 15:31:35 PDT 2015:
Booting Derby version The Apache Software Foundation - Apache Derby - 10.8.2.2 - (1181258): instance a816c00e-014c-9b28-a335-000006df88f0 
on database directory C:\Users\Noah\Documents\NetBeansProjects\hc\HostController1\WinchCommonsTest12DataBase  with class loader sun.misc.Launcher$AppClassLoader@78308db1 
Loaded from file:/C:/Users/Noah/Documents/NetBeansProjects/hc/lib/derby.jar
java.vendor=Oracle Corporation
java.runtime.version=1.8.0_40-b25
user.dir=C:\Users\Noah\Documents\NetBeansProjects\hc\HostController1
derby.system.home=null
Database Class Loader started - derby.database.classpath=''
